This file contains any messages produced by compilers while
running configure, to aid debugging if configure makes a mistake.

It was created by tuning_PT configure 0.1.0, which was
generated by GNU Autoconf 2.69.  Invocation command line was

  $ ./configure CC=icc CFLAGS=-O3 -axCORE-AVX512 -mtune=skylake -ip -ipo

## --------- ##
## Platform. ##
## --------- ##

hostname = r000u07l02
uname -m = x86_64
uname -r = 3.10.0-327.36.3.el7.x86_64
uname -s = Linux
uname -v = #1 SMP Mon Oct 24 16:09:20 UTC 2016

/usr/bin/uname -p = x86_64
/bin/uname -X     = unknown

/bin/arch              = x86_64
/usr/bin/arch -k       = unknown
/usr/convex/getsysinfo = unknown
/usr/bin/hostinfo      = unknown
/bin/machine           = unknown
/usr/bin/oslevel       = unknown
/bin/universe          = unknown

PATH: /cineca/prod/opt/libraries/numpy/1.14.0/python--3.6.4/bin
PATH: /cineca/prod/opt/compilers/python/3.6.4/none/bin
PATH: /cineca/prod/opt/compilers/intel/pe-xe-2018/binary/mkl/bin
PATH: /cineca/prod/opt/compilers/gnu/8.3.0/none/bin
PATH: /cineca/prod/opt/compilers/intel/pe-xe-2018/binary/impi/2018.4.274/bin64
PATH: /cineca/prod/opt/compilers/intel/pe-xe-2018/binary/itac/2018.4.025/intel64/bin
PATH: /cineca/prod/opt/compilers/intel/pe-xe-2018/binary/bin
PATH: /cineca/prod/opt/compilers/intel/pe-xe-2018/binary/itac_latest/bin
PATH: /cineca/prod/opt/compilers/intel/pe-xe-2018/binary/inspector/bin64
PATH: /cineca/bin
PATH: /usr/lib64/qt-3.3/bin
PATH: /cineca/prod/opt/environment/module/4.5.0/none/bin
PATH: /usr/local/bin
PATH: /usr/bin
PATH: /usr/local/sbin
PATH: /usr/sbin
PATH: /opt/slurm/current/bin
PATH: /opt/slurm/current/sbin
PATH: /marconi/home/userexternal/agiorgie/.local/bin
PATH: /marconi/home/userexternal/agiorgie/bin


## ----------- ##
## Core tests. ##
## ----------- ##

configure:2175: checking for a BSD-compatible install
configure:2243: result: /usr/bin/install -c
configure:2254: checking whether build environment is sane
configure:2309: result: yes
configure:2460: checking for a thread-safe mkdir -p
configure:2499: result: /usr/bin/mkdir -p
configure:2506: checking for gawk
configure:2522: found /usr/bin/gawk
configure:2533: result: gawk
configure:2544: checking whether make sets $(MAKE)
configure:2566: result: yes
configure:2595: checking whether make supports nested variables
configure:2612: result: yes
configure:2715: checking for gawk
configure:2742: result: gawk
configure:2801: checking for gcc
configure:2828: result: icc
configure:3057: checking for C compiler version
configure:3066: icc --version >&5
icc (ICC) 18.0.5 20180823
Copyright (C) 1985-2018 Intel Corporation.  All rights reserved.

configure:3077: $? = 0
configure:3066: icc -v >&5
icc version 18.0.5 (gcc version 8.3.0 compatibility)
configure:3077: $? = 0
configure:3066: icc -V >&5
Intel(R) C Intel(R) 64 Compiler for applications running on Intel(R) 64, Version 18.0.5.274 Build 20180823
Copyright (C) 1985-2018 Intel Corporation.  All rights reserved.

configure:3077: $? = 0
configure:3066: icc -qversion >&5
icc: command line warning #10006: ignoring unknown option '-qversion'
icc: command line error: no files specified; for help type "icc -help"
configure:3077: $? = 1
configure:3097: checking whether the C compiler works
configure:3119: icc -O3 -axCORE-AVX512 -mtune=skylake -ip -ipo   conftest.c  >&5
configure:3123: $? = 0
configure:3171: result: yes
configure:3174: checking for C compiler default output file name
configure:3176: result: a.out
configure:3182: checking for suffix of executables
configure:3189: icc -o conftest -O3 -axCORE-AVX512 -mtune=skylake -ip -ipo   conftest.c  >&5
configure:3193: $? = 0
configure:3215: result: 
configure:3237: checking whether we are cross compiling
configure:3245: icc -o conftest -O3 -axCORE-AVX512 -mtune=skylake -ip -ipo   conftest.c  >&5
configure:3249: $? = 0
configure:3256: ./conftest
configure:3260: $? = 0
configure:3275: result: no
configure:3280: checking for suffix of object files
configure:3302: icc -c -O3 -axCORE-AVX512 -mtune=skylake -ip -ipo  conftest.c >&5
configure:3306: $? = 0
configure:3327: result: o
configure:3331: checking whether we are using the GNU C compiler
configure:3350: icc -c -O3 -axCORE-AVX512 -mtune=skylake -ip -ipo  conftest.c >&5
configure:3350: $? = 0
configure:3359: result: yes
configure:3368: checking whether icc accepts -g
configure:3388: icc -c -g  conftest.c >&5
configure:3388: $? = 0
configure:3429: result: yes
configure:3446: checking for icc option to accept ISO C89
configure:3509: icc  -c -O3 -axCORE-AVX512 -mtune=skylake -ip -ipo  conftest.c >&5
configure:3509: $? = 0
configure:3522: result: none needed
configure:3553: checking for style of include used by make
configure:3581: result: GNU
configure:3607: checking dependency style of icc
configure:3718: result: gcc3
configure:3742: checking how to run the C preprocessor
configure:3773: icc -E  conftest.c
configure:3773: $? = 0
configure:3787: icc -E  conftest.c
conftest.c(11): error #2379: cannot open source file "ac_nonexistent.h"
  #include <ac_nonexistent.h>
                             ^

configure:3787: $? = 2
configure: failed program was:
| /* confdefs.h */
| #define PACKAGE_NAME "tuning_PT"
| #define PACKAGE_TARNAME "tuning_pt"
| #define PACKAGE_VERSION "0.1.0"
| #define PACKAGE_STRING "tuning_PT 0.1.0"
| #define PACKAGE_BUGREPORT "andrea.giorgieri.pi@gmail.com"
| #define PACKAGE_URL ""
| #define PACKAGE "tuning_pt"
| #define VERSION "0.1.0"
| /* end confdefs.h.  */
| #include <ac_nonexistent.h>
configure:3812: result: icc -E
configure:3832: icc -E  conftest.c
configure:3832: $? = 0
configure:3846: icc -E  conftest.c
conftest.c(11): error #2379: cannot open source file "ac_nonexistent.h"
  #include <ac_nonexistent.h>
                             ^

configure:3846: $? = 2
configure: failed program was:
| /* confdefs.h */
| #define PACKAGE_NAME "tuning_PT"
| #define PACKAGE_TARNAME "tuning_pt"
| #define PACKAGE_VERSION "0.1.0"
| #define PACKAGE_STRING "tuning_PT 0.1.0"
| #define PACKAGE_BUGREPORT "andrea.giorgieri.pi@gmail.com"
| #define PACKAGE_URL ""
| #define PACKAGE "tuning_pt"
| #define VERSION "0.1.0"
| /* end confdefs.h.  */
| #include <ac_nonexistent.h>
configure:3875: checking for grep that handles long lines and -e
configure:3933: result: /usr/bin/grep
configure:3938: checking for egrep
configure:4000: result: /usr/bin/grep -E
configure:4005: checking for ANSI C header files
configure:4025: icc -c -O3 -axCORE-AVX512 -mtune=skylake -ip -ipo  conftest.c >&5
configure:4025: $? = 0
configure:4098: icc -o conftest -O3 -axCORE-AVX512 -mtune=skylake -ip -ipo   conftest.c  >&5
configure:4098: $? = 0
configure:4098: ./conftest
configure:4098: $? = 0
configure:4109: result: yes
configure:4122: checking for sys/types.h
configure:4122: icc -c -O3 -axCORE-AVX512 -mtune=skylake -ip -ipo  conftest.c >&5
configure:4122: $? = 0
configure:4122: result: yes
configure:4122: checking for sys/stat.h
configure:4122: icc -c -O3 -axCORE-AVX512 -mtune=skylake -ip -ipo  conftest.c >&5
configure:4122: $? = 0
configure:4122: result: yes
configure:4122: checking for stdlib.h
configure:4122: icc -c -O3 -axCORE-AVX512 -mtune=skylake -ip -ipo  conftest.c >&5
configure:4122: $? = 0
configure:4122: result: yes
configure:4122: checking for string.h
configure:4122: icc -c -O3 -axCORE-AVX512 -mtune=skylake -ip -ipo  conftest.c >&5
configure:4122: $? = 0
configure:4122: result: yes
configure:4122: checking for memory.h
configure:4122: icc -c -O3 -axCORE-AVX512 -mtune=skylake -ip -ipo  conftest.c >&5
configure:4122: $? = 0
configure:4122: result: yes
configure:4122: checking for strings.h
configure:4122: icc -c -O3 -axCORE-AVX512 -mtune=skylake -ip -ipo  conftest.c >&5
configure:4122: $? = 0
configure:4122: result: yes
configure:4122: checking for inttypes.h
configure:4122: icc -c -O3 -axCORE-AVX512 -mtune=skylake -ip -ipo  conftest.c >&5
configure:4122: $? = 0
configure:4122: result: yes
configure:4122: checking for stdint.h
configure:4122: icc -c -O3 -axCORE-AVX512 -mtune=skylake -ip -ipo  conftest.c >&5
configure:4122: $? = 0
configure:4122: result: yes
configure:4122: checking for unistd.h
configure:4122: icc -c -O3 -axCORE-AVX512 -mtune=skylake -ip -ipo  conftest.c >&5
configure:4122: $? = 0
configure:4122: result: yes
configure:4136: checking limits.h usability
configure:4136: icc -c -O3 -axCORE-AVX512 -mtune=skylake -ip -ipo  conftest.c >&5
configure:4136: $? = 0
configure:4136: result: yes
configure:4136: checking limits.h presence
configure:4136: icc -E  conftest.c
configure:4136: $? = 0
configure:4136: result: yes
configure:4136: checking for limits.h
configure:4136: result: yes
configure:4151: checking math.h usability
configure:4151: icc -c -O3 -axCORE-AVX512 -mtune=skylake -ip -ipo  conftest.c >&5
configure:4151: $? = 0
configure:4151: result: yes
configure:4151: checking math.h presence
configure:4151: icc -E  conftest.c
configure:4151: $? = 0
configure:4151: result: yes
configure:4151: checking for math.h
configure:4151: result: yes
configure:4166: checking stdio.h usability
configure:4166: icc -c -O3 -axCORE-AVX512 -mtune=skylake -ip -ipo  conftest.c >&5
configure:4166: $? = 0
configure:4166: result: yes
configure:4166: checking stdio.h presence
configure:4166: icc -E  conftest.c
configure:4166: $? = 0
configure:4166: result: yes
configure:4166: checking for stdio.h
configure:4166: result: yes
configure:4181: checking for stdlib.h
configure:4181: result: yes
configure:4196: checking time.h usability
configure:4196: icc -c -O3 -axCORE-AVX512 -mtune=skylake -ip -ipo  conftest.c >&5
configure:4196: $? = 0
configure:4196: result: yes
configure:4196: checking time.h presence
configure:4196: icc -E  conftest.c
configure:4196: $? = 0
configure:4196: result: yes
configure:4196: checking for time.h
configure:4196: result: yes
configure:4209: checking for library containing sqrt
configure:4240: icc -o conftest -O3 -axCORE-AVX512 -mtune=skylake -ip -ipo   conftest.c  >&5
configure:4240: $? = 0
configure:4257: result: none required
configure:4272: checking for inline
configure:4288: icc -c -O3 -axCORE-AVX512 -mtune=skylake -ip -ipo  conftest.c >&5
configure:4288: $? = 0
configure:4296: result: inline
configure:4314: checking for uint32_t
configure:4314: icc -c -O3 -axCORE-AVX512 -mtune=skylake -ip -ipo  conftest.c >&5
configure:4314: $? = 0
configure:4314: result: yes
configure:4328: checking for uint64_t
configure:4328: icc -c -O3 -axCORE-AVX512 -mtune=skylake -ip -ipo  conftest.c >&5
configure:4328: $? = 0
configure:4328: result: yes
configure:4454: checking that generated files are newer than configure
configure:4460: result: done
configure:4483: creating ./config.status

## ---------------------- ##
## Running config.status. ##
## ---------------------- ##

This file was extended by tuning_PT config.status 0.1.0, which was
generated by GNU Autoconf 2.69.  Invocation command line was

  CONFIG_FILES    = 
  CONFIG_HEADERS  = 
  CONFIG_LINKS    = 
  CONFIG_COMMANDS = 
  $ ./config.status 

on r000u07l02

config.status:857: creating Makefile
config.status:857: creating config.h
config.status:1038: config.h is unchanged
config.status:1086: executing depfiles commands

## ---------------- ##
## Cache variables. ##
## ---------------- ##

ac_cv_c_compiler_gnu=yes
ac_cv_c_inline=inline
ac_cv_c_uint32_t=yes
ac_cv_c_uint64_t=yes
ac_cv_env_CC_set=set
ac_cv_env_CC_value=icc
ac_cv_env_CFLAGS_set=set
ac_cv_env_CFLAGS_value='-O3 -axCORE-AVX512 -mtune=skylake -ip -ipo'
ac_cv_env_CPPFLAGS_set=
ac_cv_env_CPPFLAGS_value=
ac_cv_env_CPP_set=
ac_cv_env_CPP_value=
ac_cv_env_LDFLAGS_set=
ac_cv_env_LDFLAGS_value=
ac_cv_env_LIBS_set=
ac_cv_env_LIBS_value=
ac_cv_env_build_alias_set=
ac_cv_env_build_alias_value=
ac_cv_env_host_alias_set=
ac_cv_env_host_alias_value=
ac_cv_env_target_alias_set=
ac_cv_env_target_alias_value=
ac_cv_header_inttypes_h=yes
ac_cv_header_limits_h=yes
ac_cv_header_math_h=yes
ac_cv_header_memory_h=yes
ac_cv_header_stdc=yes
ac_cv_header_stdint_h=yes
ac_cv_header_stdio_h=yes
ac_cv_header_stdlib_h=yes
ac_cv_header_string_h=yes
ac_cv_header_strings_h=yes
ac_cv_header_sys_stat_h=yes
ac_cv_header_sys_types_h=yes
ac_cv_header_time_h=yes
ac_cv_header_unistd_h=yes
ac_cv_objext=o
ac_cv_path_EGREP='/usr/bin/grep -E'
ac_cv_path_GREP=/usr/bin/grep
ac_cv_path_install='/usr/bin/install -c'
ac_cv_path_mkdir=/usr/bin/mkdir
ac_cv_prog_AWK=gawk
ac_cv_prog_CPP='icc -E'
ac_cv_prog_ac_ct_CC=icc
ac_cv_prog_cc_c89=
ac_cv_prog_cc_g=yes
ac_cv_prog_make_make_set=yes
ac_cv_search_sqrt='none required'
am_cv_CC_dependencies_compiler_type=gcc3
am_cv_make_support_nested_variables=yes

## ----------------- ##
## Output variables. ##
## ----------------- ##

ACLOCAL='${SHELL} /marconi/home/userexternal/agiorgie/programs/tuning_PT/missing aclocal-1.13'
AMDEPBACKSLASH='\'
AMDEP_FALSE='#'
AMDEP_TRUE=''
AMTAR='$${TAR-tar}'
AM_BACKSLASH='\'
AM_DEFAULT_V='$(AM_DEFAULT_VERBOSITY)'
AM_DEFAULT_VERBOSITY='1'
AM_V='$(V)'
AUTOCONF='${SHELL} /marconi/home/userexternal/agiorgie/programs/tuning_PT/missing autoconf'
AUTOHEADER='${SHELL} /marconi/home/userexternal/agiorgie/programs/tuning_PT/missing autoheader'
AUTOMAKE='${SHELL} /marconi/home/userexternal/agiorgie/programs/tuning_PT/missing automake-1.13'
AWK='gawk'
CC='icc'
CCDEPMODE='depmode=gcc3'
CFLAGS='-O3 -axCORE-AVX512 -mtune=skylake -ip -ipo'
CPP='icc -E'
CPPFLAGS=''
CYGPATH_W='echo'
DEFS='-DHAVE_CONFIG_H'
DEPDIR='.deps'
ECHO_C=''
ECHO_N='-n'
ECHO_T=''
EGREP='/usr/bin/grep -E'
EXEEXT=''
GREP='/usr/bin/grep'
INSTALL_DATA='${INSTALL} -m 644'
INSTALL_PROGRAM='${INSTALL}'
INSTALL_SCRIPT='${INSTALL}'
INSTALL_STRIP_PROGRAM='$(install_sh) -c -s'
LDFLAGS=''
LIBOBJS=''
LIBS=''
LTLIBOBJS=''
MAKEINFO='${SHELL} /marconi/home/userexternal/agiorgie/programs/tuning_PT/missing makeinfo'
MKDIR_P='/usr/bin/mkdir -p'
OBJEXT='o'
PACKAGE='tuning_pt'
PACKAGE_BUGREPORT='andrea.giorgieri.pi@gmail.com'
PACKAGE_NAME='tuning_PT'
PACKAGE_STRING='tuning_PT 0.1.0'
PACKAGE_TARNAME='tuning_pt'
PACKAGE_URL=''
PACKAGE_VERSION='0.1.0'
PATH_SEPARATOR=':'
SET_MAKE=''
SHELL='/bin/sh'
STRIP=''
VERSION='0.1.0'
ac_ct_CC='icc'
am__EXEEXT_FALSE=''
am__EXEEXT_TRUE='#'
am__fastdepCC_FALSE='#'
am__fastdepCC_TRUE=''
am__include='include'
am__isrc=''
am__leading_dot='.'
am__nodep='_no'
am__quote=''
am__tar='$${TAR-tar} chof - "$$tardir"'
am__untar='$${TAR-tar} xf -'
bindir='${exec_prefix}/bin'
build_alias=''
datadir='${datarootdir}'
datarootdir='${prefix}/share'
docdir='${datarootdir}/doc/${PACKAGE_TARNAME}'
dvidir='${docdir}'
exec_prefix='${prefix}'
host_alias=''
htmldir='${docdir}'
includedir='${prefix}/include'
infodir='${datarootdir}/info'
install_sh='${SHELL} /marconi/home/userexternal/agiorgie/programs/tuning_PT/install-sh'
libdir='${exec_prefix}/lib'
libexecdir='${exec_prefix}/libexec'
localedir='${datarootdir}/locale'
localstatedir='${prefix}/var'
mandir='${datarootdir}/man'
mkdir_p='$(MKDIR_P)'
oldincludedir='/usr/include'
pdfdir='${docdir}'
prefix='/usr/local'
program_transform_name='s,x,x,'
psdir='${docdir}'
sbindir='${exec_prefix}/sbin'
sharedstatedir='${prefix}/com'
sysconfdir='${prefix}/etc'
target_alias=''

## ----------- ##
## confdefs.h. ##
## ----------- ##

/* confdefs.h */
#define PACKAGE_NAME "tuning_PT"
#define PACKAGE_TARNAME "tuning_pt"
#define PACKAGE_VERSION "0.1.0"
#define PACKAGE_STRING "tuning_PT 0.1.0"
#define PACKAGE_BUGREPORT "andrea.giorgieri.pi@gmail.com"
#define PACKAGE_URL ""
#define PACKAGE "tuning_pt"
#define VERSION "0.1.0"
#define STDC_HEADERS 1
#define HAVE_SYS_TYPES_H 1
#define HAVE_SYS_STAT_H 1
#define HAVE_STDLIB_H 1
#define HAVE_STRING_H 1
#define HAVE_MEMORY_H 1
#define HAVE_STRINGS_H 1
#define HAVE_INTTYPES_H 1
#define HAVE_STDINT_H 1
#define HAVE_UNISTD_H 1
#define HAVE_LIMITS_H 1
#define HAVE_MATH_H 1
#define HAVE_STDIO_H 1
#define HAVE_STDLIB_H 1
#define HAVE_TIME_H 1

configure: exit 0
